# JRE version: Java(TM) SE Runtime Environment (8.0_101-b13) (build 1.8.0_101-b13)
# Java VM: Java HotSpot(TM) 64-Bit Server VM (25.101-b13 mixed mode bsd-amd64 compressed oops)
Heap:
 garbage-first heap   total 262144K, used 187134K [0x0000000780000000, 0x0000000780100800, 0x00000007c0000000)
  region size 1024K, 81 young (82944K), 7 survivors (7168K)
 Metaspace       used 100038K, capacity 109648K, committed 109876K, reserved 1144832K
  class space    used 12264K, capacity 15092K, committed 15204K, reserved 1048576K
GC Heap History (10 events):
Event: 7130.709 GC heap before
{Heap before GC invocations=41 (full 0):
 garbage-first heap   total 262144K, used 228930K [0x0000000780000000, 0x0000000780100800, 0x00000007c0000000)
  region size 1024K, 121 young (123904K), 5 survivors (5120K)
 Metaspace       used 99660K, capacity 109194K, committed 109364K, reserved 1142784K
  class space    used 12261K, capacity 15091K, committed 15204K, reserved 1048576K
Event: 7130.719 GC heap after
Heap after GC invocations=42 (full 0):
 garbage-first heap   total 262144K, used 110194K [0x0000000780000000, 0x0000000780100800, 0x00000007c0000000)
  region size 1024K, 5 young (5120K), 5 survivors (5120K)
 Metaspace       used 99660K, capacity 109194K, committed 109364K, reserved 1142784K
  class space    used 12261K, capacity 15091K, committed 15204K, reserved 1048576K
}
Event: 7138.784 GC heap before
{Heap before GC invocations=42 (full 0):
 garbage-first heap   total 262144K, used 228978K [0x0000000780000000, 0x0000000780100800, 0x00000007c0000000)
  region size 1024K, 121 young (123904K), 5 survivors (5120K)
 Metaspace       used 99711K, capacity 109258K, committed 109620K, reserved 1144832K
  class space    used 12261K, capacity 15091K, committed 15204K, reserved 1048576K
Event: 7138.795 GC heap after
Heap after GC invocations=43 (full 0):
 garbage-first heap   total 262144K, used 109545K [0x0000000780000000, 0x0000000780100800, 0x00000007c0000000)
  region size 1024K, 4 young (4096K), 4 survivors (4096K)
 Metaspace       used 99711K, capacity 109258K, committed 109620K, reserved 1144832K
  class space    used 12261K, capacity 15091K, committed 15204K, reserved 1048576K
}
Event: 7152.175 GC heap before
{Heap before GC invocations=43 (full 0):
 garbage-first heap   total 262144K, used 230377K [0x0000000780000000, 0x0000000780100800, 0x00000007c0000000)
  region size 1024K, 122 young (124928K), 4 survivors (4096K)
 Metaspace       used 99769K, capacity 109450K, committed 109620K, reserved 1144832K
  class space    used 12261K, capacity 15091K, committed 15204K, reserved 1048576K
Event: 7152.191 GC heap after
Heap after GC invocations=44 (full 0):
 garbage-first heap   total 262144K, used 109760K [0x0000000780000000, 0x0000000780100800, 0x00000007c0000000)
  region size 1024K, 4 young (4096K), 4 survivors (4096K)
 Metaspace       used 99769K, capacity 109450K, committed 109620K, reserved 1144832K
  class space    used 12261K, capacity 15091K, committed 15204K, reserved 1048576K
}
Event: 7158.813 GC heap before
{Heap before GC invocations=44 (full 0):
 garbage-first heap   total 262144K, used 230592K [0x0000000780000000, 0x0000000780100800, 0x00000007c0000000)
  region size 1024K, 122 young (124928K), 4 survivors (4096K)
 Metaspace       used 99838K, capacity 109514K, committed 109876K, reserved 1144832K
  class space    used 12264K, capacity 15091K, committed 15204K, reserved 1048576K
Event: 7158.824 GC heap after
Heap after GC invocations=45 (full 0):
 garbage-first heap   total 262144K, used 110312K [0x0000000780000000, 0x0000000780100800, 0x00000007c0000000)
  region size 1024K, 5 young (5120K), 5 survivors (5120K)
 Metaspace       used 99838K, capacity 109514K, committed 109876K, reserved 1144832K
  class space    used 12264K, capacity 15091K, committed 15204K, reserved 1048576K
}
Event: 7181.041 GC heap before
{Heap before GC invocations=45 (full 0):
 garbage-first heap   total 262144K, used 229096K [0x0000000780000000, 0x0000000780100800, 0x00000007c0000000)
  region size 1024K, 121 young (123904K), 5 survivors (5120K)
 Metaspace       used 99969K, capacity 109648K, committed 109876K, reserved 1144832K
  class space    used 12264K, capacity 15092K, committed 15204K, reserved 1048576K
Event: 7181.059 GC heap after
Heap after GC invocations=46 (full 0):
 garbage-first heap   total 262144K, used 112382K [0x0000000780000000, 0x0000000780100800, 0x00000007c0000000)
  region size 1024K, 7 young (7168K), 7 survivors (7168K)
 Metaspace       used 99969K, capacity 109648K, committed 109876K, reserved 1144832K
  class space    used 12264K, capacity 15092K, committed 15204K, reserved 1048576K
}

