# JRE version: Java(TM) SE Runtime Environment (8.0_101-b13) (build 1.8.0_101-b13)
# Java VM: Java HotSpot(TM) 64-Bit Server VM (25.101-b13 mixed mode bsd-amd64 compressed oops)
Heap:
 garbage-first heap   total 262144K, used 190823K [0x0000000780000000, 0x0000000780100800, 0x00000007c0000000)
  region size 1024K, 86 young (88064K), 8 survivors (8192K)
 Metaspace       used 96719K, capacity 106156K, committed 106432K, reserved 1140736K
  class space    used 12128K, capacity 14972K, committed 15076K, reserved 1048576K
GC Heap History (10 events):
Event: 333.949 GC heap before
{Heap before GC invocations=19 (full 0):
 garbage-first heap   total 262144K, used 222793K [0x0000000780000000, 0x0000000780100800, 0x00000007c0000000)
  region size 1024K, 120 young (122880K), 11 survivors (11264K)
 Metaspace       used 95334K, capacity 104516K, committed 104768K, reserved 1138688K
  class space    used 12085K, capacity 14902K, committed 14948K, reserved 1048576K
Event: 333.976 GC heap after
Heap after GC invocations=20 (full 0):
 garbage-first heap   total 262144K, used 112999K [0x0000000780000000, 0x0000000780100800, 0x00000007c0000000)
  region size 1024K, 9 young (9216K), 9 survivors (9216K)
 Metaspace       used 95334K, capacity 104516K, committed 104768K, reserved 1138688K
  class space    used 12085K, capacity 14902K, committed 14948K, reserved 1048576K
}
Event: 852.695 GC heap before
{Heap before GC invocations=20 (full 0):
 garbage-first heap   total 262144K, used 224615K [0x0000000780000000, 0x0000000780100800, 0x00000007c0000000)
  region size 1024K, 118 young (120832K), 9 survivors (9216K)
 Metaspace       used 95802K, capacity 105238K, committed 105664K, reserved 1140736K
  class space    used 12119K, capacity 14969K, committed 15076K, reserved 1048576K
Event: 852.710 GC heap after
Heap after GC invocations=21 (full 0):
 garbage-first heap   total 262144K, used 112487K [0x0000000780000000, 0x0000000780100800, 0x00000007c0000000)
  region size 1024K, 8 young (8192K), 8 survivors (8192K)
 Metaspace       used 95802K, capacity 105238K, committed 105664K, reserved 1140736K
  class space    used 12119K, capacity 14969K, committed 15076K, reserved 1048576K
}
Event: 856.863 GC heap before
{Heap before GC invocations=21 (full 0):
 garbage-first heap   total 262144K, used 226151K [0x0000000780000000, 0x0000000780100800, 0x00000007c0000000)
  region size 1024K, 119 young (121856K), 8 survivors (8192K)
 Metaspace       used 96061K, capacity 105564K, committed 105920K, reserved 1140736K
  class space    used 12126K, capacity 14970K, committed 15076K, reserved 1048576K
Event: 856.881 GC heap after
Heap after GC invocations=22 (full 0):
 garbage-first heap   total 262144K, used 112999K [0x0000000780000000, 0x0000000780100800, 0x00000007c0000000)
  region size 1024K, 9 young (9216K), 9 survivors (9216K)
 Metaspace       used 96061K, capacity 105564K, committed 105920K, reserved 1140736K
  class space    used 12126K, capacity 14970K, committed 15076K, reserved 1048576K
}
Event: 925.914 GC heap before
{Heap before GC invocations=22 (full 0):
 garbage-first heap   total 262144K, used 224615K [0x0000000780000000, 0x0000000780100800, 0x00000007c0000000)
  region size 1024K, 118 young (120832K), 9 survivors (9216K)
 Metaspace       used 96304K, capacity 105756K, committed 106176K, reserved 1140736K
  class space    used 12127K, capacity 14970K, committed 15076K, reserved 1048576K
Event: 925.929 GC heap after
Heap after GC invocations=23 (full 0):
 garbage-first heap   total 262144K, used 111463K [0x0000000780000000, 0x0000000780100800, 0x00000007c0000000)
  region size 1024K, 7 young (7168K), 7 survivors (7168K)
 Metaspace       used 96304K, capacity 105756K, committed 106176K, reserved 1140736K
  class space    used 12127K, capacity 14970K, committed 15076K, reserved 1048576K
}
Event: 931.493 GC heap before
{Heap before GC invocations=23 (full 0):
 garbage-first heap   total 262144K, used 227175K [0x0000000780000000, 0x0000000780100800, 0x00000007c0000000)
  region size 1024K, 120 young (122880K), 7 survivors (7168K)
 Metaspace       used 96524K, capacity 106082K, committed 106432K, reserved 1140736K
  class space    used 12128K, capacity 14971K, committed 15076K, reserved 1048576K
Event: 931.528 GC heap after
Heap after GC invocations=24 (full 0):
 garbage-first heap   total 262144K, used 111975K [0x0000000780000000, 0x0000000780100800, 0x00000007c0000000)
  region size 1024K, 8 young (8192K), 8 survivors (8192K)
 Metaspace       used 96524K, capacity 106082K, committed 106432K, reserved 1140736K
  class space    used 12128K, capacity 14971K, committed 15076K, reserved 1048576K
}

